Build started 2016-12-15 19:54:52.
     1>Project "C:\Users\Malin\Documents\Skolan\T5\Introduktion till programmering i C++\lab1-5\dt018g_anjo1407_lab3_u2\dt018g_anjo1407_lab3_u2.vcxproj" on node 7 (Build target(s)).
     1>ClCompile:
         C:\Program Files (x86)\Microsoft Visual Studio 12.0\VC\bin\CL.exe /c /ZI /nologo /W3 /WX- /sdl /Od /Oy- /D WIN32 /D _DEBUG /D _CONSOLE /D _LIB /D _UNICODE /D UNICODE /Gm /EHsc /RTC1 /MDd /GS /fp:precise /Zc:wchar_t /Zc:forScope /Fo"Debug\\" /Fd"Debug\vc120.pdb" /Gd /TP /analyze- /errorReport:prompt dt018g_anjo1407_lab3_u2.cpp
         dt018g_anjo1407_lab3_u2.cpp
     1>c:\users\malin\documents\skolan\t5\introduktion till programmering i c++\lab1-5\dt018g_anjo1407_lab3_u2\dt018g_anjo1407_lab3_u2.cpp(42): warning C4018: '<=' : signed/unsigned mismatch
     1>c:\users\malin\documents\skolan\t5\introduktion till programmering i c++\lab1-5\dt018g_anjo1407_lab3_u2\dt018g_anjo1407_lab3_u2.cpp(48): warning C4018: '<=' : signed/unsigned mismatch
     1>c:\users\malin\documents\skolan\t5\introduktion till programmering i c++\lab1-5\dt018g_anjo1407_lab3_u2\dt018g_anjo1407_lab3_u2.cpp(54): warning C4018: '<=' : signed/unsigned mismatch
     1>c:\users\malin\documents\skolan\t5\introduktion till programmering i c++\lab1-5\dt018g_anjo1407_lab3_u2\dt018g_anjo1407_lab3_u2.cpp(67): warning C4018: '<=' : signed/unsigned mismatch
     1>c:\users\malin\documents\skolan\t5\introduktion till programmering i c++\lab1-5\dt018g_anjo1407_lab3_u2\dt018g_anjo1407_lab3_u2.cpp(76): warning C4018: '<=' : signed/unsigned mismatch
     1>c:\users\malin\documents\skolan\t5\introduktion till programmering i c++\lab1-5\dt018g_anjo1407_lab3_u2\dt018g_anjo1407_lab3_u2.cpp(92): warning C4018: '<=' : signed/unsigned mismatch
     1>c:\users\malin\documents\skolan\t5\introduktion till programmering i c++\lab1-5\dt018g_anjo1407_lab3_u2\dt018g_anjo1407_lab3_u2.cpp(101): warning C4018: '<=' : signed/unsigned mismatch
     1>c:\users\malin\documents\skolan\t5\introduktion till programmering i c++\lab1-5\dt018g_anjo1407_lab3_u2\dt018g_anjo1407_lab3_u2.cpp(117): warning C4018: '<=' : signed/unsigned mismatch
     1>c:\users\malin\documents\skolan\t5\introduktion till programmering i c++\lab1-5\dt018g_anjo1407_lab3_u2\dt018g_anjo1407_lab3_u2.cpp(126): warning C4018: '<=' : signed/unsigned mismatch
       Link:
         C:\Program Files (x86)\Microsoft Visual Studio 12.0\VC\bin\link.exe /ERRORREPORT:PROMPT /OUT:"C:\Users\Malin\Documents\Skolan\T5\Introduktion till programmering i C++\lab1-5\Debug\dt018g_anjo1407_lab3_u2.exe" /INCREMENTAL /NOLOGO kernel32.lib user32.lib gdi32.lib winspool.lib comdlg32.lib advapi32.lib shell32.lib ole32.lib oleaut32.lib uuid.lib odbc32.lib odbccp32.lib /MANIFEST /MANIFESTUAC:"level='asInvoker' uiAccess='false'" /manifest:embed /DEBUG /PDB:"C:\Users\Malin\Documents\Skolan\T5\Introduktion till programmering i C++\lab1-5\Debug\dt018g_anjo1407_lab3_u2.pdb" /SUBSYSTEM:CONSOLE /TLBID:1 /DYNAMICBASE /NXCOMPAT /IMPLIB:"C:\Users\Malin\Documents\Skolan\T5\Introduktion till programmering i C++\lab1-5\Debug\dt018g_anjo1407_lab3_u2.lib" /MACHINE:X86 Debug\dt018g_anjo1407_lab3_u2.obj
         dt018g_anjo1407_lab3_u2.vcxproj -> C:\Users\Malin\Documents\Skolan\T5\Introduktion till programmering i C++\lab1-5\Debug\dt018g_anjo1407_lab3_u2.exe
     1>Done Building Project "C:\Users\Malin\Documents\Skolan\T5\Introduktion till programmering i C++\lab1-5\dt018g_anjo1407_lab3_u2\dt018g_anjo1407_lab3_u2.vcxproj" (Build target(s)).

Build succeeded.

Time Elapsed 00:00:01.95
